Using pre-set license
Built from 'trunk' branch; Version is '2020.2.0b2 (90b2443a8df1) revision 9482820'; Using compiler version '192528614'; Build Type 'Release'
OS: 'Windows 10  (10.0.0) 64bit' Language: 'en' Physical Memory: 32611 MB
BatchMode: 1, IsHumanControllingUs: 0, StartBugReporterOnCrash: 0, Is64bit: 1, IsPro: 0

 COMMAND LINE ARGUMENTS:
C:\Program Files\Unity\Hub\Editor\2020.2.0b2\Editor\Unity.exe
-adb2
-batchMode
-noUpm
-name
AssetImportWorker0
-projectPath
C:/Users/MaxBo/OneDrive/Documents/GitHub/WizardChess2/Wizard Chess
-logFile
Logs/AssetImportWorker0.log
-srvPort
60821
Successfully changed project path to: C:/Users/MaxBo/OneDrive/Documents/GitHub/WizardChess2/Wizard Chess
C:/Users/MaxBo/OneDrive/Documents/GitHub/WizardChess2/Wizard Chess
Using Asset Import Pipeline V2.
Refreshing native plugins compatible for Editor in 44.64 ms, found 0 plugins.
Preloading 0 native plugins for Editor in 0.00 ms.
Initialize engine version: 2020.2.0b2 (90b2443a8df1)
[Subsystems] Discovering subsystems at path C:/Program Files/Unity/Hub/Editor/2020.2.0b2/Editor/Data/Resources/UnitySubsystems
[Subsystems] Discovering subsystems at path C:/Users/MaxBo/OneDrive/Documents/GitHub/WizardChess2/Wizard Chess/Assets
GfxDevice: creating device client; threaded=0
Direct3D:
    Version:  Direct3D 11.0 [level 11.1]
    Renderer: NVIDIA GeForce GTX 1070 with Max-Q Design (ID=0x1ba1)
    Vendor:   
    VRAM:     8081 MB
    Driver:   30.0.14.9676
Initialize mono
Mono path[0] = 'C:/Program Files/Unity/Hub/Editor/2020.2.0b2/Editor/Data/Managed'
Mono path[1] = 'C:/Program Files/Unity/Hub/Editor/2020.2.0b2/Editor/Data/MonoBleedingEdge/lib/mono/unityjit'
Mono config path = 'C:/Program Files/Unity/Hub/Editor/2020.2.0b2/Editor/Data/MonoBleedingEdge/etc'
Using monoOptions --debugger-agent=transport=dt_socket,embedding=1,server=y,suspend=n,address=127.0.0.1:56880
Begin MonoManager ReloadAssembly
Registering precompiled unity dll's ...
Register platform support module: C:/Program Files/Unity/Hub/Editor/2020.2.0b2/Editor/Data/PlaybackEngines/WindowsStandaloneSupport/UnityEditor.WindowsStandalone.Extensions.dll
Registered in 0.001869 seconds.
Native extension for WindowsStandalone target not found
Refreshing native plugins compatible for Editor in 33.18 ms, found 0 plugins.
Preloading 0 native plugins for Editor in 0.00 ms.
Invoked RoslynAnalysisRunner static constructor.
RoslynAnalysisRunner will not be running.
RoslynAnalysisRunner has terminated.
Mono: successfully reloaded assembly
- Completed reload, in  1.056 seconds
Registering precompiled user dll's ...
Registered in 0.080607 seconds.
Platform modules already initialized, skipping
Begin MonoManager ReloadAssembly
Symbol file LoadedFromMemory doesn't match image C:\Users\MaxBo\OneDrive\Documents\GitHub\WizardChess2\Wizard Chess\Library\PackageCache\com.unity.ext.nunit@1.0.0\net35\unity-custom\nunit.framework.dll
Native extension for WindowsStandalone target not found
Refreshing native plugins compatible for Editor in 0.44 ms, found 0 plugins.
Preloading 0 native plugins for Editor in 0.00 ms.
Invoked RoslynAnalysisRunner static constructor.
RoslynAnalysisRunner will not be running.
RoslynAnalysisRunner has terminated.
Mono: successfully reloaded assembly
- Completed reload, in  0.759 seconds
Platform modules already initialized, skipping
========================================================================
Worker process is ready to serve import requests
Launched and connected shader compiler UnityShaderCompiler.exe after 0.02 seconds
Refreshing native plugins compatible for Editor in 0.44 ms, found 0 plugins.
Preloading 0 native plugins for Editor in 0.00 ms.
Unloading 1676 Unused Serialized files (Serialized files now loaded: 0)
System memory in use before: 96.1 MB.
System memory in use after: 94.2 MB.

Unloading 109 unused Assets to reduce memory usage. Loaded Objects now: 2051.
Total: 3.259900 ms (FindLiveObjects: 0.352100 ms CreateObjectMapping: 0.105300 ms MarkObjects: 1.694400 ms  DeleteObjects: 1.107100 ms)

========================================================================
Received Import Request.
  path: Assets/Scripts/PieceMove.cs
  artifactKey: Guid(6b6c16ebcddfb4c4f9485f42c50486b2) Importer(815301076,1909f56bfc062723c751e8b465ee728b)
Start importing Assets/Scripts/PieceMove.cs using Guid(6b6c16ebcddfb4c4f9485f42c50486b2) Importer(815301076,1909f56bfc062723c751e8b465ee728b)  -> (artifact id: 'bdd808b4b836f5f6ed1af46ae17d764a') in 0.037961 seconds
  Import took 0.040924 seconds .

========================================================================
Received Prepare
Reloading mono domain
Begin MonoManager ReloadAssembly
Registering precompiled unity dll's ...
Register platform support module: C:/Program Files/Unity/Hub/Editor/2020.2.0b2/Editor/Data/PlaybackEngines/WindowsStandaloneSupport/UnityEditor.WindowsStandalone.Extensions.dll
Registered in 0.001753 seconds.
Symbol file LoadedFromMemory doesn't match image C:\Users\MaxBo\OneDrive\Documents\GitHub\WizardChess2\Wizard Chess\Library\PackageCache\com.unity.ext.nunit@1.0.0\net35\unity-custom\nunit.framework.dll
Native extension for WindowsStandalone target not found
Refreshing native plugins compatible for Editor in 40.33 ms, found 0 plugins.
Preloading 0 native plugins for Editor in 0.00 ms.
Invoked RoslynAnalysisRunner static constructor.
RoslynAnalysisRunner will not be running.
RoslynAnalysisRunner has terminated.
Mono: successfully reloaded assembly
- Completed reload, in  0.864 seconds
Registering precompiled user dll's ...
Registered in 0.082297 seconds.
Platform modules already initialized, skipping
Begin MonoManager ReloadAssembly
Symbol file LoadedFromMemory doesn't match image C:\Users\MaxBo\OneDrive\Documents\GitHub\WizardChess2\Wizard Chess\Library\PackageCache\com.unity.ext.nunit@1.0.0\net35\unity-custom\nunit.framework.dll
Native extension for WindowsStandalone target not found
Refreshing native plugins compatible for Editor in 0.44 ms, found 0 plugins.
Preloading 0 native plugins for Editor in 0.00 ms.
Invoked RoslynAnalysisRunner static constructor.
RoslynAnalysisRunner will not be running.
RoslynAnalysisRunner has terminated.
Mono: successfully reloaded assembly
- Completed reload, in  0.823 seconds
Platform modules already initialized, skipping
Refreshing native plugins compatible for Editor in 0.44 ms, found 0 plugins.
Preloading 0 native plugins for Editor in 0.00 ms.
Unloading 112 Unused Serialized files (Serialized files now loaded: 0)
System memory in use before: 65.6 MB.
System memory in use after: 63.7 MB.

Unloading 110 unused Assets to reduce memory usage. Loaded Objects now: 2055.
Total: 3.347800 ms (FindLiveObjects: 0.359400 ms CreateObjectMapping: 0.081500 ms MarkObjects: 1.707500 ms  DeleteObjects: 1.198000 ms)

========================================================================
Received Import Request.
  Time since last request: 301.207470 seconds.
  path: Assets/Scripts/PieceMove.cs
  artifactKey: Guid(6b6c16ebcddfb4c4f9485f42c50486b2) Importer(815301076,1909f56bfc062723c751e8b465ee728b)
Start importing Assets/Scripts/PieceMove.cs using Guid(6b6c16ebcddfb4c4f9485f42c50486b2) Importer(815301076,1909f56bfc062723c751e8b465ee728b)  -> (artifact id: 'cc4a46be066a42b1832ecbd5f788c197') in 0.003652 seconds
  Import took 0.006682 seconds .

========================================================================
Received Import Request.
  Time since last request: 81.515054 seconds.
  path: Assets/Art Assets/Example Assets/MAT Green.mat
  artifactKey: Guid(c2240a5805567f742b66ec11ae2ff818) Importer(815301076,1909f56bfc062723c751e8b465ee728b)
Start importing Assets/Art Assets/Example Assets/MAT Green.mat using Guid(c2240a5805567f742b66ec11ae2ff818) Importer(815301076,1909f56bfc062723c751e8b465ee728b)  -> (artifact id: '525fd588e280a115761e3c91bf3ec6aa') in 0.162919 seconds
  Import took 0.166175 seconds .

========================================================================
Received Import Request.
  Time since last request: 0.000255 seconds.
  path: Assets/Art Assets/Example Assets/MAT Plane.mat
  artifactKey: Guid(607083d8fb94e2741b4639e35de3f961) Importer(815301076,1909f56bfc062723c751e8b465ee728b)
Start importing Assets/Art Assets/Example Assets/MAT Plane.mat using Guid(607083d8fb94e2741b4639e35de3f961) Importer(815301076,1909f56bfc062723c751e8b465ee728b)  -> (artifact id: 'a02c0edc906f987d43775185adb10210') in 0.020202 seconds
  Import took 0.024126 seconds .

========================================================================
Received Import Request.
  Time since last request: 0.000232 seconds.
  path: Assets/Art Assets/Example Assets/MAT Green.mat
  artifactKey: Guid(c2240a5805567f742b66ec11ae2ff818) Importer(815301076,1909f56bfc062723c751e8b465ee728b)
Start importing Assets/Art Assets/Example Assets/MAT Green.mat using Guid(c2240a5805567f742b66ec11ae2ff818) Importer(815301076,1909f56bfc062723c751e8b465ee728b)  -> (artifact id: '525fd588e280a115761e3c91bf3ec6aa') in 0.013663 seconds
  Import took 0.017682 seconds .

========================================================================
Received Import Request.
  Time since last request: 0.010637 seconds.
  path: Assets/Art Assets/Example Assets/MAT Plane.mat
  artifactKey: Guid(607083d8fb94e2741b4639e35de3f961) Importer(815301076,1909f56bfc062723c751e8b465ee728b)
Start importing Assets/Art Assets/Example Assets/MAT Plane.mat using Guid(607083d8fb94e2741b4639e35de3f961) Importer(815301076,1909f56bfc062723c751e8b465ee728b)  -> (artifact id: 'a02c0edc906f987d43775185adb10210') in 0.015622 seconds
  Import took 0.019724 seconds .

========================================================================
Received Prepare
Reloading mono domain
Begin MonoManager ReloadAssembly
Registering precompiled unity dll's ...
Register platform support module: C:/Program Files/Unity/Hub/Editor/2020.2.0b2/Editor/Data/PlaybackEngines/WindowsStandaloneSupport/UnityEditor.WindowsStandalone.Extensions.dll
Registered in 0.001791 seconds.
Symbol file LoadedFromMemory doesn't match image C:\Users\MaxBo\OneDrive\Documents\GitHub\WizardChess2\Wizard Chess\Library\PackageCache\com.unity.ext.nunit@1.0.0\net35\unity-custom\nunit.framework.dll
Native extension for WindowsStandalone target not found
Refreshing native plugins compatible for Editor in 40.27 ms, found 0 plugins.
Preloading 0 native plugins for Editor in 0.00 ms.
Invoked RoslynAnalysisRunner static constructor.
RoslynAnalysisRunner will not be running.
RoslynAnalysisRunner has terminated.
Mono: successfully reloaded assembly
- Completed reload, in  0.888 seconds
Registering precompiled user dll's ...
Registered in 0.077791 seconds.
Platform modules already initialized, skipping
Begin MonoManager ReloadAssembly
Symbol file LoadedFromMemory doesn't match image C:\Users\MaxBo\OneDrive\Documents\GitHub\WizardChess2\Wizard Chess\Library\PackageCache\com.unity.ext.nunit@1.0.0\net35\unity-custom\nunit.framework.dll
Native extension for WindowsStandalone target not found
Refreshing native plugins compatible for Editor in 0.44 ms, found 0 plugins.
Preloading 0 native plugins for Editor in 0.00 ms.
Invoked RoslynAnalysisRunner static constructor.
RoslynAnalysisRunner will not be running.
RoslynAnalysisRunner has terminated.
Mono: successfully reloaded assembly
- Completed reload, in  0.848 seconds
Platform modules already initialized, skipping
Refreshing native plugins compatible for Editor in 0.44 ms, found 0 plugins.
Preloading 0 native plugins for Editor in 0.00 ms.
Unloading 112 Unused Serialized files (Serialized files now loaded: 0)
System memory in use before: 69.2 MB.
System memory in use after: 67.3 MB.

Unloading 110 unused Assets to reduce memory usage. Loaded Objects now: 2099.
Total: 3.937800 ms (FindLiveObjects: 0.534900 ms CreateObjectMapping: 0.126000 ms MarkObjects: 2.075900 ms  DeleteObjects: 1.196600 ms)

========================================================================
Received Prepare
Reloading mono domain
Begin MonoManager ReloadAssembly
Registering precompiled unity dll's ...
Register platform support module: C:/Program Files/Unity/Hub/Editor/2020.2.0b2/Editor/Data/PlaybackEngines/WindowsStandaloneSupport/UnityEditor.WindowsStandalone.Extensions.dll
Registered in 0.001803 seconds.
Symbol file LoadedFromMemory doesn't match image C:\Users\MaxBo\OneDrive\Documents\GitHub\WizardChess2\Wizard Chess\Library\PackageCache\com.unity.ext.nunit@1.0.0\net35\unity-custom\nunit.framework.dll
Native extension for WindowsStandalone target not found
Refreshing native plugins compatible for Editor in 43.46 ms, found 0 plugins.
Preloading 0 native plugins for Editor in 0.00 ms.
Invoked RoslynAnalysisRunner static constructor.
RoslynAnalysisRunner will not be running.
RoslynAnalysisRunner has terminated.
Mono: successfully reloaded assembly
- Completed reload, in  0.959 seconds
Registering precompiled user dll's ...
Registered in 0.085914 seconds.
Platform modules already initialized, skipping
Begin MonoManager ReloadAssembly
Symbol file LoadedFromMemory doesn't match image C:\Users\MaxBo\OneDrive\Documents\GitHub\WizardChess2\Wizard Chess\Library\PackageCache\com.unity.ext.nunit@1.0.0\net35\unity-custom\nunit.framework.dll
Native extension for WindowsStandalone target not found
Refreshing native plugins compatible for Editor in 0.43 ms, found 0 plugins.
Preloading 0 native plugins for Editor in 0.00 ms.
Invoked RoslynAnalysisRunner static constructor.
RoslynAnalysisRunner will not be running.
RoslynAnalysisRunner has terminated.
Mono: successfully reloaded assembly
- Completed reload, in  0.889 seconds
Platform modules already initialized, skipping
Refreshing native plugins compatible for Editor in 0.43 ms, found 0 plugins.
Preloading 0 native plugins for Editor in 0.00 ms.
Unloading 112 Unused Serialized files (Serialized files now loaded: 0)
System memory in use before: 69.4 MB.
System memory in use after: 67.5 MB.

Unloading 110 unused Assets to reduce memory usage. Loaded Objects now: 2103.
Total: 4.179800 ms (FindLiveObjects: 0.404000 ms CreateObjectMapping: 0.089300 ms MarkObjects: 2.345600 ms  DeleteObjects: 1.339800 ms)

========================================================================
Received Prepare
Reloading mono domain
Begin MonoManager ReloadAssembly
Registering precompiled unity dll's ...
Register platform support module: C:/Program Files/Unity/Hub/Editor/2020.2.0b2/Editor/Data/PlaybackEngines/WindowsStandaloneSupport/UnityEditor.WindowsStandalone.Extensions.dll
Registered in 0.001791 seconds.
Symbol file LoadedFromMemory doesn't match image C:\Users\MaxBo\OneDrive\Documents\GitHub\WizardChess2\Wizard Chess\Library\PackageCache\com.unity.ext.nunit@1.0.0\net35\unity-custom\nunit.framework.dll
Native extension for WindowsStandalone target not found
Refreshing native plugins compatible for Editor in 39.83 ms, found 0 plugins.
Preloading 0 native plugins for Editor in 0.00 ms.
Invoked RoslynAnalysisRunner static constructor.
RoslynAnalysisRunner will not be running.
RoslynAnalysisRunner has terminated.
Mono: successfully reloaded assembly
- Completed reload, in  0.979 seconds
Registering precompiled user dll's ...
Registered in 0.078764 seconds.
Platform modules already initialized, skipping
Begin MonoManager ReloadAssembly
Symbol file LoadedFromMemory doesn't match image C:\Users\MaxBo\OneDrive\Documents\GitHub\WizardChess2\Wizard Chess\Library\PackageCache\com.unity.ext.nunit@1.0.0\net35\unity-custom\nunit.framework.dll
Native extension for WindowsStandalone target not found
Refreshing native plugins compatible for Editor in 0.57 ms, found 0 plugins.
Preloading 0 native plugins for Editor in 0.00 ms.
Invoked RoslynAnalysisRunner static constructor.
RoslynAnalysisRunner will not be running.
RoslynAnalysisRunner has terminated.
Mono: successfully reloaded assembly
- Completed reload, in  0.957 seconds
Platform modules already initialized, skipping
Refreshing native plugins compatible for Editor in 0.45 ms, found 0 plugins.
Preloading 0 native plugins for Editor in 0.00 ms.
Unloading 112 Unused Serialized files (Serialized files now loaded: 0)
System memory in use before: 69.7 MB.
System memory in use after: 67.8 MB.

Unloading 110 unused Assets to reduce memory usage. Loaded Objects now: 2107.
Total: 3.199500 ms (FindLiveObjects: 0.369300 ms CreateObjectMapping: 0.076200 ms MarkObjects: 1.478300 ms  DeleteObjects: 1.274400 ms)

========================================================================
Received Prepare
Reloading mono domain
Begin MonoManager ReloadAssembly
Registering precompiled unity dll's ...
Register platform support module: C:/Program Files/Unity/Hub/Editor/2020.2.0b2/Editor/Data/PlaybackEngines/WindowsStandaloneSupport/UnityEditor.WindowsStandalone.Extensions.dll
Registered in 0.001701 seconds.
Symbol file LoadedFromMemory doesn't match image C:\Users\MaxBo\OneDrive\Documents\GitHub\WizardChess2\Wizard Chess\Library\PackageCache\com.unity.ext.nunit@1.0.0\net35\unity-custom\nunit.framework.dll
Native extension for WindowsStandalone target not found
Refreshing native plugins compatible for Editor in 40.78 ms, found 0 plugins.
Preloading 0 native plugins for Editor in 0.00 ms.
Invoked RoslynAnalysisRunner static constructor.
RoslynAnalysisRunner will not be running.
RoslynAnalysisRunner has terminated.
Mono: successfully reloaded assembly
- Completed reload, in  1.043 seconds
Registering precompiled user dll's ...
Registered in 0.083046 seconds.
Platform modules already initialized, skipping
Begin MonoManager ReloadAssembly
Symbol file LoadedFromMemory doesn't match image C:\Users\MaxBo\OneDrive\Documents\GitHub\WizardChess2\Wizard Chess\Library\PackageCache\com.unity.ext.nunit@1.0.0\net35\unity-custom\nunit.framework.dll
Native extension for WindowsStandalone target not found
Refreshing native plugins compatible for Editor in 0.44 ms, found 0 plugins.
Preloading 0 native plugins for Editor in 0.00 ms.
Invoked RoslynAnalysisRunner static constructor.
RoslynAnalysisRunner will not be running.
RoslynAnalysisRunner has terminated.
Mono: successfully reloaded assembly
- Completed reload, in  1.034 seconds
Platform modules already initialized, skipping
Refreshing native plugins compatible for Editor in 0.45 ms, found 0 plugins.
Preloading 0 native plugins for Editor in 0.00 ms.
Unloading 112 Unused Serialized files (Serialized files now loaded: 0)
System memory in use before: 70.0 MB.
System memory in use after: 68.1 MB.

Unloading 110 unused Assets to reduce memory usage. Loaded Objects now: 2111.
Total: 4.735800 ms (FindLiveObjects: 0.481800 ms CreateObjectMapping: 0.124300 ms MarkObjects: 2.263100 ms  DeleteObjects: 1.865100 ms)

========================================================================
Received Prepare
Reloading mono domain
Begin MonoManager ReloadAssembly
Registering precompiled unity dll's ...
Register platform support module: C:/Program Files/Unity/Hub/Editor/2020.2.0b2/Editor/Data/PlaybackEngines/WindowsStandaloneSupport/UnityEditor.WindowsStandalone.Extensions.dll
Registered in 0.001714 seconds.
Symbol file LoadedFromMemory doesn't match image C:\Users\MaxBo\OneDrive\Documents\GitHub\WizardChess2\Wizard Chess\Library\PackageCache\com.unity.ext.nunit@1.0.0\net35\unity-custom\nunit.framework.dll
Native extension for WindowsStandalone target not found
Refreshing native plugins compatible for Editor in 49.84 ms, found 0 plugins.
Preloading 0 native plugins for Editor in 0.00 ms.
Invoked RoslynAnalysisRunner static constructor.
RoslynAnalysisRunner will not be running.
RoslynAnalysisRunner has terminated.
Mono: successfully reloaded assembly
- Completed reload, in  1.136 seconds
Registering precompiled user dll's ...
Registered in 0.083952 seconds.
Platform modules already initialized, skipping
Begin MonoManager ReloadAssembly
Symbol file LoadedFromMemory doesn't match image C:\Users\MaxBo\OneDrive\Documents\GitHub\WizardChess2\Wizard Chess\Library\PackageCache\com.unity.ext.nunit@1.0.0\net35\unity-custom\nunit.framework.dll
Native extension for WindowsStandalone target not found
Refreshing native plugins compatible for Editor in 0.48 ms, found 0 plugins.
Preloading 0 native plugins for Editor in 0.00 ms.
Invoked RoslynAnalysisRunner static constructor.
RoslynAnalysisRunner will not be running.
RoslynAnalysisRunner has terminated.
Mono: successfully reloaded assembly
- Completed reload, in  1.152 seconds
Platform modules already initialized, skipping
Refreshing native plugins compatible for Editor in 0.44 ms, found 0 plugins.
Preloading 0 native plugins for Editor in 0.00 ms.
Unloading 112 Unused Serialized files (Serialized files now loaded: 0)
System memory in use before: 70.3 MB.
System memory in use after: 68.4 MB.

Unloading 110 unused Assets to reduce memory usage. Loaded Objects now: 2115.
Total: 3.444000 ms (FindLiveObjects: 0.339000 ms CreateObjectMapping: 0.088600 ms MarkObjects: 1.722000 ms  DeleteObjects: 1.292900 ms)

========================================================================
Received Prepare
Reloading mono domain
Begin MonoManager ReloadAssembly
Registering precompiled unity dll's ...
Register platform support module: C:/Program Files/Unity/Hub/Editor/2020.2.0b2/Editor/Data/PlaybackEngines/WindowsStandaloneSupport/UnityEditor.WindowsStandalone.Extensions.dll
Registered in 0.001772 seconds.
Symbol file LoadedFromMemory doesn't match image C:\Users\MaxBo\OneDrive\Documents\GitHub\WizardChess2\Wizard Chess\Library\PackageCache\com.unity.ext.nunit@1.0.0\net35\unity-custom\nunit.framework.dll
Native extension for WindowsStandalone target not found
Refreshing native plugins compatible for Editor in 40.36 ms, found 0 plugins.
Preloading 0 native plugins for Editor in 0.00 ms.
Invoked RoslynAnalysisRunner static constructor.
RoslynAnalysisRunner will not be running.
RoslynAnalysisRunner has terminated.
Mono: successfully reloaded assembly
- Completed reload, in  1.133 seconds
Registering precompiled user dll's ...
Registered in 0.078190 seconds.
Platform modules already initialized, skipping
Begin MonoManager ReloadAssembly
Symbol file LoadedFromMemory doesn't match image C:\Users\MaxBo\OneDrive\Documents\GitHub\WizardChess2\Wizard Chess\Library\PackageCache\com.unity.ext.nunit@1.0.0\net35\unity-custom\nunit.framework.dll
Native extension for WindowsStandalone target not found
Refreshing native plugins compatible for Editor in 0.52 ms, found 0 plugins.
Preloading 0 native plugins for Editor in 0.00 ms.
Invoked RoslynAnalysisRunner static constructor.
RoslynAnalysisRunner will not be running.
RoslynAnalysisRunner has terminated.
Mono: successfully reloaded assembly
- Completed reload, in  1.106 seconds
Platform modules already initialized, skipping
Refreshing native plugins compatible for Editor in 0.44 ms, found 0 plugins.
Preloading 0 native plugins for Editor in 0.00 ms.
Unloading 112 Unused Serialized files (Serialized files now loaded: 0)
System memory in use before: 70.4 MB.
System memory in use after: 68.6 MB.

Unloading 110 unused Assets to reduce memory usage. Loaded Objects now: 2119.
Total: 3.325800 ms (FindLiveObjects: 0.377200 ms CreateObjectMapping: 0.101500 ms MarkObjects: 1.595000 ms  DeleteObjects: 1.250900 ms)

========================================================================
Received Import Request.
  Time since last request: 1306.136392 seconds.
  path: Assets/Free Low Poly Chess Set/Bishop/Materials/BishopDark.mat
  artifactKey: Guid(519bb7ad9c0b01145b66756f3c261e30) Importer(815301076,1909f56bfc062723c751e8b465ee728b)
Start importing Assets/Free Low Poly Chess Set/Bishop/Materials/BishopDark.mat using Guid(519bb7ad9c0b01145b66756f3c261e30) Importer(815301076,1909f56bfc062723c751e8b465ee728b)  -> (artifact id: '2625bcd04d99428b2d4f54fcaf67303f') in 0.066166 seconds
  Import took 0.069673 seconds .

========================================================================
Received Import Request.
  Time since last request: 0.000260 seconds.
  path: Assets/Art Assets/Black.mat
  artifactKey: Guid(89b32e277e86c97488a5049f68fb2457) Importer(815301076,1909f56bfc062723c751e8b465ee728b)
Start importing Assets/Art Assets/Black.mat using Guid(89b32e277e86c97488a5049f68fb2457) Importer(815301076,1909f56bfc062723c751e8b465ee728b)  -> (artifact id: '66eb5791a932786345d7c4cf0089b13e') in 0.014259 seconds
  Import took 0.017313 seconds .

========================================================================
Received Import Request.
  Time since last request: 0.000299 seconds.
  path: Assets/Free Low Poly Chess Set/Bishop/Materials/BishopLight.mat
  artifactKey: Guid(00912c1e55787984d8a57cef15d87a8b) Importer(815301076,1909f56bfc062723c751e8b465ee728b)
Start importing Assets/Free Low Poly Chess Set/Bishop/Materials/BishopLight.mat using Guid(00912c1e55787984d8a57cef15d87a8b) Importer(815301076,1909f56bfc062723c751e8b465ee728b)  -> (artifact id: '70e3925e8b1fdea0409cf89a7370bfca') in 0.015026 seconds
  Import took 0.018297 seconds .

========================================================================
Received Import Request.
  Time since last request: 0.000251 seconds.
  path: Assets/Art Assets/Figures/Materials/dwarf.mat
  artifactKey: Guid(00b991f51a4f5a74781892cc89f55d6a) Importer(815301076,1909f56bfc062723c751e8b465ee728b)
Start importing Assets/Art Assets/Figures/Materials/dwarf.mat using Guid(00b991f51a4f5a74781892cc89f55d6a) Importer(815301076,1909f56bfc062723c751e8b465ee728b)  -> (artifact id: 'ffb7272807cc242f4e7c4a4e9c6ff968') in 0.145479 seconds
  Import took 0.150894 seconds .

========================================================================
Received Import Request.
  Time since last request: 0.000281 seconds.
  path: Assets/Art Assets/Materials/figure_d_col.mat
  artifactKey: Guid(566d0f68bfa5b704e9e496651dd5fed8) Importer(815301076,1909f56bfc062723c751e8b465ee728b)
Start importing Assets/Art Assets/Materials/figure_d_col.mat using Guid(566d0f68bfa5b704e9e496651dd5fed8) Importer(815301076,1909f56bfc062723c751e8b465ee728b)  -> (artifact id: 'd245987f3fcd5ac8c0c0eaec05c76858') in 0.025360 seconds
  Import took 0.028593 seconds .

========================================================================
Received Import Request.
  Time since last request: 0.000242 seconds.
  path: Assets/Free Low Poly Chess Set/Board/Materials/Darks.mat
  artifactKey: Guid(9728b39f56ce29244a90a8c691493fef) Importer(815301076,1909f56bfc062723c751e8b465ee728b)
Start importing Assets/Free Low Poly Chess Set/Board/Materials/Darks.mat using Guid(9728b39f56ce29244a90a8c691493fef) Importer(815301076,1909f56bfc062723c751e8b465ee728b)  -> (artifact id: 'd3d738b793543d054e3c7aba47402fb5') in 0.028255 seconds
  Import took 0.032643 seconds .

========================================================================
Received Import Request.
  Time since last request: 0.000302 seconds.
  path: Assets/Art Assets/Materials/figure_a_col.mat
  artifactKey: Guid(7b131e26000574b459b1820e73325ad0) Importer(815301076,1909f56bfc062723c751e8b465ee728b)
Start importing Assets/Art Assets/Materials/figure_a_col.mat using Guid(7b131e26000574b459b1820e73325ad0) Importer(815301076,1909f56bfc062723c751e8b465ee728b)  -> (artifact id: '8bb2edd287a98f1ccbcef35dd4c54b25') in 0.021441 seconds
  Import took 0.024754 seconds .

========================================================================
Received Prepare
Reloading mono domain
Begin MonoManager ReloadAssembly
Registering precompiled unity dll's ...
Register platform support module: C:/Program Files/Unity/Hub/Editor/2020.2.0b2/Editor/Data/PlaybackEngines/WindowsStandaloneSupport/UnityEditor.WindowsStandalone.Extensions.dll
Registered in 0.001768 seconds.
Symbol file LoadedFromMemory doesn't match image C:\Users\MaxBo\OneDrive\Documents\GitHub\WizardChess2\Wizard Chess\Library\PackageCache\com.unity.ext.nunit@1.0.0\net35\unity-custom\nunit.framework.dll
Native extension for WindowsStandalone target not found
Refreshing native plugins compatible for Editor in 41.62 ms, found 0 plugins.
Preloading 0 native plugins for Editor in 0.00 ms.
Invoked RoslynAnalysisRunner static constructor.
RoslynAnalysisRunner will not be running.
RoslynAnalysisRunner has terminated.
Mono: successfully reloaded assembly
- Completed reload, in  1.205 seconds
Registering precompiled user dll's ...
Registered in 0.083636 seconds.
Platform modules already initialized, skipping
Begin MonoManager ReloadAssembly
Symbol file LoadedFromMemory doesn't match image C:\Users\MaxBo\OneDrive\Documents\GitHub\WizardChess2\Wizard Chess\Library\PackageCache\com.unity.ext.nunit@1.0.0\net35\unity-custom\nunit.framework.dll
Native extension for WindowsStandalone target not found
Refreshing native plugins compatible for Editor in 0.44 ms, found 0 plugins.
Preloading 0 native plugins for Editor in 0.00 ms.
Invoked RoslynAnalysisRunner static constructor.
RoslynAnalysisRunner will not be running.
RoslynAnalysisRunner has terminated.
Mono: successfully reloaded assembly
- Completed reload, in  1.156 seconds
Platform modules already initialized, skipping
Refreshing native plugins compatible for Editor in 0.45 ms, found 0 plugins.
Preloading 0 native plugins for Editor in 0.00 ms.
Unloading 112 Unused Serialized files (Serialized files now loaded: 0)
System memory in use before: 69.9 MB.
System memory in use after: 68.0 MB.

Unloading 110 unused Assets to reduce memory usage. Loaded Objects now: 2124.
Total: 3.056200 ms (FindLiveObjects: 0.324800 ms CreateObjectMapping: 0.075800 ms MarkObjects: 1.409900 ms  DeleteObjects: 1.244600 ms)

========================================================================
Received Import Request.
  Time since last request: 307.254166 seconds.
  path: Assets/Art Assets/Example Assets/MAT Purple.mat
  artifactKey: Guid(d40ce6a9d9d9c874393eee703f2d34c8) Importer(815301076,1909f56bfc062723c751e8b465ee728b)
Start importing Assets/Art Assets/Example Assets/MAT Purple.mat using Guid(d40ce6a9d9d9c874393eee703f2d34c8) Importer(815301076,1909f56bfc062723c751e8b465ee728b)  -> (artifact id: '9a2bfaa6498fb4900ab471530f59381a') in 0.059474 seconds
  Import took 0.063193 seconds .

========================================================================
Received Prepare
Reloading mono domain
Begin MonoManager ReloadAssembly
Registering precompiled unity dll's ...
Register platform support module: C:/Program Files/Unity/Hub/Editor/2020.2.0b2/Editor/Data/PlaybackEngines/WindowsStandaloneSupport/UnityEditor.WindowsStandalone.Extensions.dll
Registered in 0.001837 seconds.
Symbol file LoadedFromMemory doesn't match image C:\Users\MaxBo\OneDrive\Documents\GitHub\WizardChess2\Wizard Chess\Library\PackageCache\com.unity.ext.nunit@1.0.0\net35\unity-custom\nunit.framework.dll
Native extension for WindowsStandalone target not found
Refreshing native plugins compatible for Editor in 40.23 ms, found 0 plugins.
Preloading 0 native plugins for Editor in 0.00 ms.
Invoked RoslynAnalysisRunner static constructor.
RoslynAnalysisRunner will not be running.
RoslynAnalysisRunner has terminated.
Mono: successfully reloaded assembly
- Completed reload, in  1.269 seconds
Registering precompiled user dll's ...
Registered in 0.080656 seconds.
Platform modules already initialized, skipping
Begin MonoManager ReloadAssembly
Symbol file LoadedFromMemory doesn't match image C:\Users\MaxBo\OneDrive\Documents\GitHub\WizardChess2\Wizard Chess\Library\PackageCache\com.unity.ext.nunit@1.0.0\net35\unity-custom\nunit.framework.dll
Native extension for WindowsStandalone target not found
Refreshing native plugins compatible for Editor in 0.44 ms, found 0 plugins.
Preloading 0 native plugins for Editor in 0.00 ms.
Invoked RoslynAnalysisRunner static constructor.
RoslynAnalysisRunner will not be running.
RoslynAnalysisRunner has terminated.
Mono: successfully reloaded assembly
- Completed reload, in  1.230 seconds
Platform modules already initialized, skipping
Refreshing native plugins compatible for Editor in 0.44 ms, found 0 plugins.
Preloading 0 native plugins for Editor in 0.00 ms.
Unloading 112 Unused Serialized files (Serialized files now loaded: 0)
System memory in use before: 70.1 MB.
System memory in use after: 68.3 MB.

Unloading 110 unused Assets to reduce memory usage. Loaded Objects now: 2129.
Total: 3.246500 ms (FindLiveObjects: 0.381200 ms CreateObjectMapping: 0.098000 ms MarkObjects: 1.555200 ms  DeleteObjects: 1.210600 ms)

AssetImportWorkerClient::OnTransportError - code=2 error=End of file
